# JRE version: OpenJDK Runtime Environment (8.0_112-b06) (build 1.8.0_112-release-b06)
# Java VM: OpenJDK 64-Bit Server VM (25.112-b06 mixed mode windows-amd64 compressed oops)
Heap:
 PSYoungGen      total 410112K, used 57074K [0x00000000e0000000, 0x00000000fee80000, 0x0000000100000000)
  eden space 315904K, 0% used [0x00000000e0000000,0x00000000e0000000,0x00000000f3480000)
  from space 94208K, 60% used [0x00000000f9200000,0x00000000fc9bc820,0x00000000fee00000)
  to   space 95232K, 0% used [0x00000000f3480000,0x00000000f3480000,0x00000000f9180000)
 ParOldGen       total 126464K, used 116259K [0x00000000a0000000, 0x00000000a7b80000, 0x00000000e0000000)
  object space 126464K, 91% used [0x00000000a0000000,0x00000000a7188d18,0x00000000a7b80000)
 Metaspace       used 74992K, capacity 79562K, committed 79744K, reserved 1118208K
  class space    used 9535K, capacity 10360K, committed 10368K, reserved 1048576K
GC Heap History (10 events):
Event: 6835.492 GC heap after
Heap after GC invocations=35 (full 3):
 PSYoungGen      total 285696K, used 55993K [0x00000000e0000000, 0x00000000f8900000, 0x0000000100000000)
  eden space 224768K, 0% used [0x00000000e0000000,0x00000000e0000000,0x00000000edb80000)
  from space 60928K, 91% used [0x00000000f1e80000,0x00000000f552e428,0x00000000f5a00000)
  to   space 68608K, 0% used [0x00000000edb80000,0x00000000edb80000,0x00000000f1e80000)
 ParOldGen       total 126464K, used 78910K [0x00000000a0000000, 0x00000000a7b80000, 0x00000000e0000000)
  object space 126464K, 62% used [0x00000000a0000000,0x00000000a4d0f958,0x00000000a7b80000)
 Metaspace       used 74487K, capacity 79032K, committed 79232K, reserved 1118208K
  class space    used 9505K, capacity 10303K, committed 10368K, reserved 1048576K
}
Event: 6836.776 GC heap before
{Heap before GC invocations=36 (full 3):
 PSYoungGen      total 285696K, used 280761K [0x00000000e0000000, 0x00000000f8900000, 0x0000000100000000)
  eden space 224768K, 100% used [0x00000000e0000000,0x00000000edb80000,0x00000000edb80000)
  from space 60928K, 91% used [0x00000000f1e80000,0x00000000f552e428,0x00000000f5a00000)
  to   space 68608K, 0% used [0x00000000edb80000,0x00000000edb80000,0x00000000f1e80000)
 ParOldGen       total 126464K, used 78910K [0x00000000a0000000, 0x00000000a7b80000, 0x00000000e0000000)
  object space 126464K, 62% used [0x00000000a0000000,0x00000000a4d0f958,0x00000000a7b80000)
 Metaspace       used 74511K, capacity 79032K, committed 79232K, reserved 1118208K
  class space    used 9505K, capacity 10303K, committed 10368K, reserved 1048576K
Event: 6836.901 GC heap after
Heap after GC invocations=36 (full 3):
 PSYoungGen      total 293376K, used 68595K [0x00000000e0000000, 0x00000000fac00000, 0x0000000100000000)
  eden space 224768K, 0% used [0x00000000e0000000,0x00000000e0000000,0x00000000edb80000)
  from space 68608K, 99% used [0x00000000edb80000,0x00000000f1e7cdd0,0x00000000f1e80000)
  to   space 86528K, 0% used [0x00000000f5780000,0x00000000f5780000,0x00000000fac00000)
 ParOldGen       total 126464K, used 98698K [0x00000000a0000000, 0x00000000a7b80000, 0x00000000e0000000)
  object space 126464K, 78% used [0x00000000a0000000,0x00000000a6062a40,0x00000000a7b80000)
 Metaspace       used 74511K, capacity 79032K, committed 79232K, reserved 1118208K
  class space    used 9505K, capacity 10303K, committed 10368K, reserved 1048576K
}
Event: 6984.653 GC heap before
{Heap before GC invocations=37 (full 3):
 PSYoungGen      total 293376K, used 293363K [0x00000000e0000000, 0x00000000fac00000, 0x0000000100000000)
  eden space 224768K, 100% used [0x00000000e0000000,0x00000000edb80000,0x00000000edb80000)
  from space 68608K, 99% used [0x00000000edb80000,0x00000000f1e7cdd0,0x00000000f1e80000)
  to   space 86528K, 0% used [0x00000000f5780000,0x00000000f5780000,0x00000000fac00000)
 ParOldGen       total 126464K, used 98698K [0x00000000a0000000, 0x00000000a7b80000, 0x00000000e0000000)
  object space 126464K, 78% used [0x00000000a0000000,0x00000000a6062a40,0x00000000a7b80000)
 Metaspace       used 74713K, capacity 79276K, committed 79488K, reserved 1118208K
  class space    used 9516K, capacity 10315K, committed 10368K, reserved 1048576K
Event: 6984.768 GC heap after
Heap after GC invocations=37 (full 3):
 PSYoungGen      total 347136K, used 62098K [0x00000000e0000000, 0x00000000fb180000, 0x0000000100000000)
  eden space 260608K, 0% used [0x00000000e0000000,0x00000000e0000000,0x00000000efe80000)
  from space 86528K, 71% used [0x00000000f5780000,0x00000000f9424b90,0x00000000fac00000)
  to   space 91136K, 0% used [0x00000000efe80000,0x00000000efe80000,0x00000000f5780000)
 ParOldGen       total 126464K, used 98866K [0x00000000a0000000, 0x00000000a7b80000, 0x00000000e0000000)
  object space 126464K, 78% used [0x00000000a0000000,0x00000000a608ca40,0x00000000a7b80000)
 Metaspace       used 74713K, capacity 79276K, committed 79488K, reserved 1118208K
  class space    used 9516K, capacity 10315K, committed 10368K, reserved 1048576K
}
Event: 6984.962 GC heap before
{Heap before GC invocations=38 (full 3):
 PSYoungGen      total 347136K, used 322242K [0x00000000e0000000, 0x00000000fb180000, 0x0000000100000000)
  eden space 260608K, 99% used [0x00000000e0000000,0x00000000efe0bea8,0x00000000efe80000)
  from space 86528K, 71% used [0x00000000f5780000,0x00000000f9424b90,0x00000000fac00000)
  to   space 91136K, 0% used [0x00000000efe80000,0x00000000efe80000,0x00000000f5780000)
 ParOldGen       total 126464K, used 98866K [0x00000000a0000000, 0x00000000a7b80000, 0x00000000e0000000)
  object space 126464K, 78% used [0x00000000a0000000,0x00000000a608ca40,0x00000000a7b80000)
 Metaspace       used 74741K, capacity 79290K, committed 79488K, reserved 1118208K
  class space    used 9517K, capacity 10316K, committed 10368K, reserved 1048576K
Event: 6985.028 GC heap after
Heap after GC invocations=38 (full 3):
 PSYoungGen      total 351744K, used 61408K [0x00000000e0000000, 0x00000000fee00000, 0x0000000100000000)
  eden space 260608K, 0% used [0x00000000e0000000,0x00000000e0000000,0x00000000efe80000)
  from space 91136K, 67% used [0x00000000efe80000,0x00000000f3a78270,0x00000000f5780000)
  to   space 94208K, 0% used [0x00000000f9200000,0x00000000f9200000,0x00000000fee00000)
 ParOldGen       total 126464K, used 99290K [0x00000000a0000000, 0x00000000a7b80000, 0x00000000e0000000)
  object space 126464K, 78% used [0x00000000a0000000,0x00000000a60f6a90,0x00000000a7b80000)
 Metaspace       used 74741K, capacity 79290K, committed 79488K, reserved 1118208K
  class space    used 9517K, capacity 10316K, committed 10368K, reserved 1048576K
}
Event: 6988.990 GC heap before
{Heap before GC invocations=39 (full 3):
 PSYoungGen      total 351744K, used 322016K [0x00000000e0000000, 0x00000000fee00000, 0x0000000100000000)
  eden space 260608K, 100% used [0x00000000e0000000,0x00000000efe80000,0x00000000efe80000)
  from space 91136K, 67% used [0x00000000efe80000,0x00000000f3a78270,0x00000000f5780000)
  to   space 94208K, 0% used [0x00000000f9200000,0x00000000f9200000,0x00000000fee00000)
 ParOldGen       total 126464K, used 99290K [0x00000000a0000000, 0x00000000a7b80000, 0x00000000e0000000)
  object space 126464K, 78% used [0x00000000a0000000,0x00000000a60f6a90,0x00000000a7b80000)
 Metaspace       used 74992K, capacity 79562K, committed 79744K, reserved 1118208K
  class space    used 9535K, capacity 10360K, committed 10368K, reserved 1048576K
Event: 6989.095 GC heap after
Heap after GC invocations=39 (full 3):
 PSYoungGen      total 410112K, used 57074K [0x00000000e0000000, 0x00000000fee80000, 0x0000000100000000)
  eden space 315904K, 0% used [0x00000000e0000000,0x00000000e0000000,0x00000000f3480000)
  from space 94208K, 60% used [0x00000000f9200000,0x00000000fc9bc820,0x00000000fee00000)
  to   space 95232K, 0% used [0x00000000f3480000,0x00000000f3480000,0x00000000f9180000)
 ParOldGen       total 126464K, used 116259K [0x00000000a0000000, 0x00000000a7b80000, 0x00000000e0000000)
  object space 126464K, 91% used [0x00000000a0000000,0x00000000a7188d18,0x00000000a7b80000)
 Metaspace       used 74992K, capacity 79562K, committed 79744K, reserved 1118208K
  class space    used 9535K, capacity 10360K, committed 10368K, reserved 1048576K
}
Event: 6989.096 GC heap before
{Heap before GC invocations=40 (full 4):
 PSYoungGen      total 410112K, used 57074K [0x00000000e0000000, 0x00000000fee80000, 0x0000000100000000)
  eden space 315904K, 0% used [0x00000000e0000000,0x00000000e0000000,0x00000000f3480000)
  from space 94208K, 60% used [0x00000000f9200000,0x00000000fc9bc820,0x00000000fee00000)
  to   space 95232K, 0% used [0x00000000f3480000,0x00000000f3480000,0x00000000f9180000)
 ParOldGen       total 126464K, used 116259K [0x00000000a0000000, 0x00000000a7b80000, 0x00000000e0000000)
  object space 126464K, 91% used [0x00000000a0000000,0x00000000a7188d18,0x00000000a7b80000)
 Metaspace       used 74992K, capacity 79562K, committed 79744K, reserved 1118208K
  class space    used 9535K, capacity 10360K, committed 10368K, reserved 1048576K

