# JRE version: OpenJDK Runtime Environment (8.0_112-b06) (build 1.8.0_112-release-b06)
# Java VM: OpenJDK 64-Bit Server VM (25.112-b06 mixed mode windows-amd64 compressed oops)
Heap:
 PSYoungGen      total 310272K, used 41660K [0x00000000e0000000, 0x00000000f6980000, 0x0000000100000000)
  eden space 259584K, 12% used [0x00000000e0000000,0x00000000e1f3c1c0,0x00000000efd80000)
  from space 50688K, 19% used [0x00000000f3800000,0x00000000f4172f50,0x00000000f6980000)
  to   space 55296K, 0% used [0x00000000efd80000,0x00000000efd80000,0x00000000f3380000)
 ParOldGen       total 179712K, used 132954K [0x00000000a0000000, 0x00000000aaf80000, 0x00000000e0000000)
  object space 179712K, 73% used [0x00000000a0000000,0x00000000a81d6940,0x00000000aaf80000)
 Metaspace       used 72348K, capacity 75854K, committed 76760K, reserved 1116160K
  class space    used 9169K, capacity 9766K, committed 9984K, reserved 1048576K
GC Heap History (10 events):
Event: 2415.798 GC heap before
{Heap before GC invocations=32 (full 4):
 PSYoungGen      total 184832K, used 153600K [0x00000000e0000000, 0x00000000f0f80000, 0x0000000100000000)
  eden space 153600K, 100% used [0x00000000e0000000,0x00000000e9600000,0x00000000e9600000)
  from space 31232K, 0% used [0x00000000e9600000,0x00000000e9600000,0x00000000eb480000)
  to   space 47104K, 0% used [0x00000000ee180000,0x00000000ee180000,0x00000000f0f80000)
 ParOldGen       total 179712K, used 91451K [0x00000000a0000000, 0x00000000aaf80000, 0x00000000e0000000)
  object space 179712K, 50% used [0x00000000a0000000,0x00000000a594ede0,0x00000000aaf80000)
 Metaspace       used 71143K, capacity 74004K, committed 75608K, reserved 1116160K
  class space    used 9045K, capacity 9493K, committed 9856K, reserved 1048576K
Event: 2415.829 GC heap after
Heap after GC invocations=32 (full 4):
 PSYoungGen      total 226816K, used 15869K [0x00000000e0000000, 0x00000000f0b00000, 0x0000000100000000)
  eden space 184320K, 0% used [0x00000000e0000000,0x00000000e0000000,0x00000000eb400000)
  from space 42496K, 37% used [0x00000000ee180000,0x00000000ef0ff588,0x00000000f0b00000)
  to   space 44544K, 0% used [0x00000000eb400000,0x00000000eb400000,0x00000000edf80000)
 ParOldGen       total 179712K, used 91459K [0x00000000a0000000, 0x00000000aaf80000, 0x00000000e0000000)
  object space 179712K, 50% used [0x00000000a0000000,0x00000000a5950de0,0x00000000aaf80000)
 Metaspace       used 71143K, capacity 74004K, committed 75608K, reserved 1116160K
  class space    used 9045K, capacity 9493K, committed 9856K, reserved 1048576K
}
Event: 4064.007 GC heap before
{Heap before GC invocations=33 (full 4):
 PSYoungGen      total 226816K, used 200189K [0x00000000e0000000, 0x00000000f0b00000, 0x0000000100000000)
  eden space 184320K, 100% used [0x00000000e0000000,0x00000000eb400000,0x00000000eb400000)
  from space 42496K, 37% used [0x00000000ee180000,0x00000000ef0ff588,0x00000000f0b00000)
  to   space 44544K, 0% used [0x00000000eb400000,0x00000000eb400000,0x00000000edf80000)
 ParOldGen       total 179712K, used 91466K [0x00000000a0000000, 0x00000000aaf80000, 0x00000000e0000000)
  object space 179712K, 50% used [0x00000000a0000000,0x00000000a5952b80,0x00000000aaf80000)
 Metaspace       used 71551K, capacity 74814K, committed 75864K, reserved 1116160K
  class space    used 9099K, capacity 9616K, committed 9856K, reserved 1048576K
Event: 4064.122 GC heap after
Heap after GC invocations=33 (full 4):
 PSYoungGen      total 228864K, used 27833K [0x00000000e0000000, 0x00000000f2d80000, 0x0000000100000000)
  eden space 184320K, 0% used [0x00000000e0000000,0x00000000e0000000,0x00000000eb400000)
  from space 44544K, 62% used [0x00000000eb400000,0x00000000ecf2e740,0x00000000edf80000)
  to   space 45568K, 0% used [0x00000000f0100000,0x00000000f0100000,0x00000000f2d80000)
 ParOldGen       total 179712K, used 91474K [0x00000000a0000000, 0x00000000aaf80000, 0x00000000e0000000)
  object space 179712K, 50% used [0x00000000a0000000,0x00000000a5954b80,0x00000000aaf80000)
 Metaspace       used 71551K, capacity 74814K, committed 75864K, reserved 1116160K
  class space    used 9099K, capacity 9616K, committed 9856K, reserved 1048576K
}
Event: 4066.263 GC heap before
{Heap before GC invocations=34 (full 4):
 PSYoungGen      total 228864K, used 212153K [0x00000000e0000000, 0x00000000f2d80000, 0x0000000100000000)
  eden space 184320K, 100% used [0x00000000e0000000,0x00000000eb400000,0x00000000eb400000)
  from space 44544K, 62% used [0x00000000eb400000,0x00000000ecf2e740,0x00000000edf80000)
  to   space 45568K, 0% used [0x00000000f0100000,0x00000000f0100000,0x00000000f2d80000)
 ParOldGen       total 179712K, used 91474K [0x00000000a0000000, 0x00000000aaf80000, 0x00000000e0000000)
  object space 179712K, 50% used [0x00000000a0000000,0x00000000a5954b80,0x00000000aaf80000)
 Metaspace       used 71908K, capacity 75304K, committed 76248K, reserved 1116160K
  class space    used 9138K, capacity 9703K, committed 9984K, reserved 1048576K
Event: 4066.375 GC heap after
Heap after GC invocations=34 (full 4):
 PSYoungGen      total 258048K, used 40030K [0x00000000e0000000, 0x00000000f3d00000, 0x0000000100000000)
  eden space 212480K, 0% used [0x00000000e0000000,0x00000000e0000000,0x00000000ecf80000)
  from space 45568K, 87% used [0x00000000f0100000,0x00000000f2817b68,0x00000000f2d80000)
  to   space 50688K, 0% used [0x00000000ecf80000,0x00000000ecf80000,0x00000000f0100000)
 ParOldGen       total 179712K, used 112555K [0x00000000a0000000, 0x00000000aaf80000, 0x00000000e0000000)
  object space 179712K, 62% used [0x00000000a0000000,0x00000000a6deadc0,0x00000000aaf80000)
 Metaspace       used 71908K, capacity 75304K, committed 76248K, reserved 1116160K
  class space    used 9138K, capacity 9703K, committed 9984K, reserved 1048576K
}
Event: 4067.431 GC heap before
{Heap before GC invocations=35 (full 4):
 PSYoungGen      total 258048K, used 252510K [0x00000000e0000000, 0x00000000f3d00000, 0x0000000100000000)
  eden space 212480K, 100% used [0x00000000e0000000,0x00000000ecf80000,0x00000000ecf80000)
  from space 45568K, 87% used [0x00000000f0100000,0x00000000f2817b68,0x00000000f2d80000)
  to   space 50688K, 0% used [0x00000000ecf80000,0x00000000ecf80000,0x00000000f0100000)
 ParOldGen       total 179712K, used 112555K [0x00000000a0000000, 0x00000000aaf80000, 0x00000000e0000000)
  object space 179712K, 62% used [0x00000000a0000000,0x00000000a6deadc0,0x00000000aaf80000)
 Metaspace       used 71945K, capacity 75304K, committed 76248K, reserved 1116160K
  class space    used 9138K, capacity 9703K, committed 9984K, reserved 1048576K
Event: 4067.523 GC heap after
Heap after GC invocations=35 (full 4):
 PSYoungGen      total 263168K, used 43586K [0x00000000e0000000, 0x00000000f6f00000, 0x0000000100000000)
  eden space 212480K, 0% used [0x00000000e0000000,0x00000000e0000000,0x00000000ecf80000)
  from space 50688K, 85% used [0x00000000ecf80000,0x00000000efa109b0,0x00000000f0100000)
  to   space 56320K, 0% used [0x00000000f3800000,0x00000000f3800000,0x00000000f6f00000)
 ParOldGen       total 179712K, used 122445K [0x00000000a0000000, 0x00000000aaf80000, 0x00000000e0000000)
  object space 179712K, 68% used [0x00000000a0000000,0x00000000a7793748,0x00000000aaf80000)
 Metaspace       used 71945K, capacity 75304K, committed 76248K, reserved 1116160K
  class space    used 9138K, capacity 9703K, committed 9984K, reserved 1048576K
}
Event: 4179.179 GC heap before
{Heap before GC invocations=36 (full 4):
 PSYoungGen      total 263168K, used 256066K [0x00000000e0000000, 0x00000000f6f00000, 0x0000000100000000)
  eden space 212480K, 100% used [0x00000000e0000000,0x00000000ecf80000,0x00000000ecf80000)
  from space 50688K, 85% used [0x00000000ecf80000,0x00000000efa109b0,0x00000000f0100000)
  to   space 56320K, 0% used [0x00000000f3800000,0x00000000f3800000,0x00000000f6f00000)
 ParOldGen       total 179712K, used 122445K [0x00000000a0000000, 0x00000000aaf80000, 0x00000000e0000000)
  object space 179712K, 68% used [0x00000000a0000000,0x00000000a7793748,0x00000000aaf80000)
 Metaspace       used 72256K, capacity 75678K, committed 76504K, reserved 1116160K
  class space    used 9154K, capacity 9726K, committed 9984K, reserved 1048576K
Event: 4179.215 GC heap after
Heap after GC invocations=36 (full 4):
 PSYoungGen      total 310272K, used 9675K [0x00000000e0000000, 0x00000000f6980000, 0x0000000100000000)
  eden space 259584K, 0% used [0x00000000e0000000,0x00000000e0000000,0x00000000efd80000)
  from space 50688K, 19% used [0x00000000f3800000,0x00000000f4172f50,0x00000000f6980000)
  to   space 55296K, 0% used [0x00000000efd80000,0x00000000efd80000,0x00000000f3380000)
 ParOldGen       total 179712K, used 132954K [0x00000000a0000000, 0x00000000aaf80000, 0x00000000e0000000)
  object space 179712K, 73% used [0x00000000a0000000,0x00000000a81d6940,0x00000000aaf80000)
 Metaspace       used 72256K, capacity 75678K, committed 76504K, reserved 1116160K
  class space    used 9154K, capacity 9726K, committed 9984K, reserved 1048576K
}

